0 info it worked if it ends with ok
1 verbose cli [ '/usr/local/bin/node', '/home/algoni/bin/npm', 'start' ]
2 info using npm@3.7.1
3 info using node@v4.2.0
4 verbose stack Error: missing script: start
4 verbose stack     at run (/home/algoni/lib/node_modules/npm/lib/run-script.js:147:19)
4 verbose stack     at /home/algoni/lib/node_modules/npm/lib/run-script.js:57:5
4 verbose stack     at /home/algoni/lib/node_modules/npm/node_modules/read-package-json/read-json.js:345:5
4 verbose stack     at checkBinReferences_ (/home/algoni/lib/node_modules/npm/node_modules/read-package-json/read-json.js:309:45)
4 verbose stack     at final (/home/algoni/lib/node_modules/npm/node_modules/read-package-json/read-json.js:343:3)
4 verbose stack     at then (/home/algoni/lib/node_modules/npm/node_modules/read-package-json/read-json.js:113:5)
4 verbose stack     at /home/algoni/lib/node_modules/npm/node_modules/read-package-json/read-json.js:300:12
4 verbose stack     at /home/algoni/lib/node_modules/npm/node_modules/graceful-fs/graceful-fs.js:76:16
4 verbose stack     at FSReqWrap.readFileAfterClose [as oncomplete] (fs.js:380:3)
5 verbose cwd /home/algoni/PogoBot
6 error Linux 3.11.0-12-generic
7 error argv "/usr/local/bin/node" "/home/algoni/bin/npm" "start"
8 error node v4.2.0
9 error npm  v3.7.1
10 error missing script: start
11 error If you need help, you may report this error at:
11 error     <https://github.com/npm/npm/issues>
12 verbose exit [ 1, true ]
